2020-07-02 20:04:42 [scrapy.utils.log] INFO: Scrapy 2.2.0 started (bot: car_spider)
2020-07-02 20:04:42 [scrapy.utils.log] INFO: Versions: lxml 4.5.1.0, libxml2 2.9.5, cssselect 1.1.0, parsel 1.6.0, w3lib 1.22.0, Twisted 20.3.0, Python 3.7.3 (default, Apr 24 2019, 15:29:51) [MSC v.1915 64 bit (AMD64)], pyOpenSSL 19.1.0 (OpenSSL 1.1.1g  21 Apr 2020), cryptography 2.9.2, Platform Windows-10-10.0.18362-SP0
2020-07-02 20:04:42 [scrapy.utils.log] DEBUG: Using reactor: twisted.internet.selectreactor.SelectReactor
2020-07-02 20:04:42 [scrapy.crawler] INFO: Overridden settings:
{'AUTOTHROTTLE_DEBUG': True,
 'BOT_NAME': 'car_spider',
 'CONCURRENT_REQUESTS': 10,
 'CONCURRENT_REQUESTS_PER_DOMAIN': 16,
 'COOKIES_ENABLED': False,
 'DOWNLOAD_DELAY': 3,
 'LOG_FILE': './log/guazi_info_link.log',
 'NEWSPIDER_MODULE': 'car_spider.spiders',
 'SPIDER_MODULES': ['car_spider.spiders']}
2020-07-02 20:04:42 [scrapy.extensions.telnet] INFO: Telnet Password: 95bd2377a7b85588
2020-07-02 20:04:42 [scrapy.middleware] INFO: Enabled extensions:
['scrapy.extensions.corestats.CoreStats',
 'scrapy.extensions.telnet.TelnetConsole',
 'scrapy.extensions.logstats.LogStats']
2020-07-02 20:04:42 [scrapy.middleware] INFO: Enabled downloader middlewares:
['scrapy.downloadermiddlewares.httpauth.HttpAuthMiddleware',
 'scrapy.downloadermiddlewares.downloadtimeout.DownloadTimeoutMiddleware',
 'scrapy.downloadermiddlewares.defaultheaders.DefaultHeadersMiddleware',
 'scrapy.downloadermiddlewares.useragent.UserAgentMiddleware',
 'scrapy.downloadermiddlewares.retry.RetryMiddleware',
 'scrapy.downloadermiddlewares.redirect.MetaRefreshMiddleware',
 'scrapy.downloadermiddlewares.httpcompression.HttpCompressionMiddleware',
 'scrapy.downloadermiddlewares.redirect.RedirectMiddleware',
 'scrapy.downloadermiddlewares.httpproxy.HttpProxyMiddleware',
 'scrapy.downloadermiddlewares.stats.DownloaderStats']
2020-07-02 20:04:42 [scrapy.middleware] INFO: Enabled spider middlewares:
['scrapy.spidermiddlewares.httperror.HttpErrorMiddleware',
 'scrapy.spidermiddlewares.offsite.OffsiteMiddleware',
 'car_spider.middlewares.MyUserAgentMiddleware',
 'scrapy.spidermiddlewares.referer.RefererMiddleware',
 'scrapy.spidermiddlewares.urllength.UrlLengthMiddleware',
 'scrapy.spidermiddlewares.depth.DepthMiddleware']
2020-07-02 20:04:42 [scrapy.middleware] INFO: Enabled item pipelines:
['car_spider.pipelines.DetailLinkPipeline']
2020-07-02 20:04:42 [scrapy.core.engine] INFO: Spider opened
2020-07-02 20:04:42 [scrapy.extensions.logstats] INFO: Crawled 0 pages (at 0 pages/min), scraped 0 items (at 0 items/min)
2020-07-02 20:04:42 [scrapy.extensions.telnet] INFO: Telnet console listening on 127.0.0.1:6023
2020-07-02 20:04:42 [scrapy.core.engine] DEBUG: Crawled (200) <GET https://www.guazi.com/dg/mzdcx3> (referer: None)
2020-07-02 20:04:42 [scrapy.core.scraper] DEBUG: Scraped from <200 https://www.guazi.com/dg/mzdcx3>
{'href': 'https://www.guazi.com/cq/a4338ba56fa9aeb0x.htm'}
2020-07-02 20:04:42 [scrapy.core.scraper] DEBUG: Scraped from <200 https://www.guazi.com/dg/mzdcx3>
{'href': 'https://www.guazi.com/hrb/e99888b938810722x.htm'}
2020-07-02 20:04:42 [scrapy.core.scraper] DEBUG: Scraped from <200 https://www.guazi.com/dg/mzdcx3>
{'href': 'https://www.guazi.com/km/1b95ce730c1b3241x.htm'}
2020-07-02 20:04:42 [scrapy.core.scraper] DEBUG: Scraped from <200 https://www.guazi.com/dg/mzdcx3>
{'href': 'https://www.guazi.com/km/727f01d6e8885d5bx.htm'}
2020-07-02 20:04:42 [scrapy.core.scraper] DEBUG: Scraped from <200 https://www.guazi.com/dg/mzdcx3>
{'href': 'https://www.guazi.com/zz/ef19c2eed8945c06x.htm'}
2020-07-02 20:04:42 [scrapy.core.scraper] DEBUG: Scraped from <200 https://www.guazi.com/dg/mzdcx3>
{'href': 'https://www.guazi.com/foshan/c35e3a7900e0fbfcx.htm'}
2020-07-02 20:04:42 [scrapy.core.scraper] DEBUG: Scraped from <200 https://www.guazi.com/dg/mzdcx3>
{'href': 'https://www.guazi.com/cd/36f3e426b7458775x.htm'}
2020-07-02 20:04:42 [scrapy.core.scraper] DEBUG: Scraped from <200 https://www.guazi.com/dg/mzdcx3>
{'href': 'https://www.guazi.com/cq/82741f747e26a463x.htm'}
2020-07-02 20:04:47 [scrapy.core.engine] DEBUG: Crawled (200) <GET https://www.guazi.com/cq/82741f747e26a463x.htm> (referer: https://www.guazi.com/dg/mzdcx3)
2020-07-02 20:04:47 [scrapy.core.scraper] DEBUG: Scraped from <200 https://www.guazi.com/cq/82741f747e26a463x.htm>
{'LWH': '4275/1765/1552',
 'abs': '标配',
 'air_cond': '-',
 'air_control': '自动',
 'assistance': '电动助力',
 'back_brake': '盘式',
 'back_suspension': '扭力梁式非独立悬架',
 'back_tire': '215/50 R18',
 'back_wiper': '<td width="50%" class="td2">标配</td>',
 'child_seat': '标配',
 'crawled': 1593691487.211032,
 'cruise': '标配',
 'curb_weight': '1280',
 'cylinders': '4缸',
 'displacement': '2.0',
 'drive_method': '前置前驱',
 'driving_brake': '手刹',
 'emission': '国5',
 'engine': '2.0L/148马力/L4',
 'esp': '标配',
 'front_airbag': '标配/标配',
 'front_brake': '通风盘式',
 'front_suspension': '麦弗逊式独立悬架',
 'front_tire': '215/50 R18',
 'fuel': '汽油',
 'fuel_label': '92号',
 'fuel_supply': '直喷',
 'gearbox': '自动',
 'gearbox_d': '6挡手自一体',
 'gps': '选配',
 'head_airbag': '标配/标配',
 'horsepower': '148',
 'href': 'https://www.guazi.com/cq/82741f747e26a463x.htm',
 'image': '标配',
 'induction_trunk': '-',
 'induction_wiper': '<td width="50%" class="td2">-</td>',
 'intake_form': '自然吸气',
 'keyless': '标配',
 'leather': '-',
 'level': '小型SUV',
 'locking': '标配',
 'luggage': '-',
 'manufacturer': '马自达(进口)',
 'mileage': '3.89万公里',
 'mirror_elec': '标配',
 'mirror_heat': '标配',
 'radar': '-',
 'region': 'cq',
 'seat_heat': '-/-',
 'side_airbag': '标配/-',
 'skylight': '-',
 'spider': 'guazi_info_link',
 'steering_wheel': '标配',
 'suction_door': '-',
 'sunroof': '标配',
 'tire_pressure': '-',
 'title': '\r\n'
          '        马自达CX-3 2018款 2.0L 自动尊贵型(进口)\r\n'
          '                                            ',
 'torque': '192',
 'transfers': '1次过户\r\n            ',
 'wheelbase': '2570',
 'windows': '标配/标配'}
2020-07-02 20:04:50 [scrapy.core.engine] DEBUG: Crawled (200) <GET https://www.guazi.com/cd/36f3e426b7458775x.htm> (referer: https://www.guazi.com/dg/mzdcx3)
2020-07-02 20:04:51 [scrapy.core.scraper] DEBUG: Scraped from <200 https://www.guazi.com/cd/36f3e426b7458775x.htm>
{'LWH': '4275/1765/1552',
 'abs': '标配',
 'air_cond': '-',
 'air_control': '自动',
 'assistance': '电动助力',
 'back_brake': '盘式',
 'back_suspension': '扭力梁式非独立悬架',
 'back_tire': '215/50 R18',
 'back_wiper': '<td width="50%" class="td2">标配</td>',
 'child_seat': '标配',
 'crawled': 1593691490.96209,
 'cruise': '标配',
 'curb_weight': '1280',
 'cylinders': '4缸',
 'displacement': '2.0',
 'drive_method': '前置前驱',
 'driving_brake': '手刹',
 'emission': '国5',
 'engine': '2.0L/148马力/L4',
 'esp': '标配',
 'front_airbag': '标配/标配',
 'front_brake': '通风盘式',
 'front_suspension': '麦弗逊式独立悬架',
 'front_tire': '215/50 R18',
 'fuel': '汽油',
 'fuel_label': '92号',
 'fuel_supply': '直喷',
 'gearbox': '自动',
 'gearbox_d': '6挡手自一体',
 'gps': '选配',
 'head_airbag': '标配/标配',
 'horsepower': '148',
 'href': 'https://www.guazi.com/cd/36f3e426b7458775x.htm',
 'image': '标配',
 'induction_trunk': '-',
 'induction_wiper': '<td width="50%" class="td2">-</td>',
 'intake_form': '自然吸气',
 'keyless': '标配',
 'leather': '-',
 'level': '小型SUV',
 'locking': '标配',
 'luggage': '-',
 'manufacturer': '马自达(进口)',
 'mileage': '3.24万公里',
 'mirror_elec': '标配',
 'mirror_heat': '标配',
 'radar': '-',
 'region': 'cd',
 'seat_heat': '-/-',
 'side_airbag': '标配/-',
 'skylight': '-',
 'spider': 'guazi_info_link',
 'steering_wheel': '标配',
 'suction_door': '-',
 'sunroof': '标配',
 'tire_pressure': '-',
 'title': '\r\n'
          '        马自达CX-3 2018款 2.0L 自动尊贵型(进口)\r\n'
          '                                                                    ',
 'torque': '192',
 'transfers': '0次过户\r\n            ',
 'wheelbase': '2570',
 'windows': '标配/标配'}
2020-07-02 20:04:55 [scrapy.core.engine] DEBUG: Crawled (200) <GET https://www.guazi.com/foshan/c35e3a7900e0fbfcx.htm> (referer: https://www.guazi.com/dg/mzdcx3)
2020-07-02 20:04:55 [scrapy.core.scraper] DEBUG: Scraped from <200 https://www.guazi.com/foshan/c35e3a7900e0fbfcx.htm>
{'LWH': '4275/1765/1552',
 'abs': '标配',
 'air_cond': '-',
 'air_control': '自动',
 'assistance': '电动助力',
 'back_brake': '盘式',
 'back_suspension': '扭力梁式非独立悬架',
 'back_tire': '215/50 R18',
 'back_wiper': '<td width="50%" class="td2">标配</td>',
 'child_seat': '标配',
 'crawled': 1593691495.446136,
 'cruise': '标配',
 'curb_weight': '1280',
 'cylinders': '4缸',
 'displacement': '2.0',
 'drive_method': '前置前驱',
 'driving_brake': '手刹',
 'emission': '国5',
 'engine': '2.0L/148马力/L4',
 'esp': '标配',
 'front_airbag': '标配/标配',
 'front_brake': '通风盘式',
 'front_suspension': '麦弗逊式独立悬架',
 'front_tire': '215/50 R18',
 'fuel': '汽油',
 'fuel_label': '92号',
 'fuel_supply': '直喷',
 'gearbox': '自动',
 'gearbox_d': '6挡手自一体',
 'gps': '选配',
 'head_airbag': '标配/标配',
 'horsepower': '148',
 'href': 'https://www.guazi.com/foshan/c35e3a7900e0fbfcx.htm',
 'image': '标配',
 'induction_trunk': '-',
 'induction_wiper': '<td width="50%" class="td2">-</td>',
 'intake_form': '自然吸气',
 'keyless': '标配',
 'leather': '-',
 'level': '小型SUV',
 'locking': '标配',
 'luggage': '-',
 'manufacturer': '马自达(进口)',
 'mileage': '1.75万公里',
 'mirror_elec': '标配',
 'mirror_heat': '标配',
 'radar': '-',
 'region': 'foshan',
 'seat_heat': '-/-',
 'side_airbag': '标配/-',
 'skylight': '-',
 'spider': 'guazi_info_link',
 'steering_wheel': '标配',
 'suction_door': '-',
 'sunroof': '标配',
 'tire_pressure': '-',
 'title': '\r\n'
          '        马自达CX-3 2018款 2.0L 自动尊贵型(进口)\r\n'
          '                                            ',
 'torque': '192',
 'transfers': '1次过户\r\n            ',
 'wheelbase': '2570',
 'windows': '标配/标配'}
2020-07-02 20:04:58 [scrapy.core.engine] DEBUG: Crawled (200) <GET https://www.guazi.com/zz/ef19c2eed8945c06x.htm> (referer: https://www.guazi.com/dg/mzdcx3)
2020-07-02 20:04:58 [scrapy.core.scraper] DEBUG: Scraped from <200 https://www.guazi.com/zz/ef19c2eed8945c06x.htm>
{'LWH': '4275/1765/1552',
 'abs': '标配',
 'air_cond': '-',
 'air_control': '自动',
 'assistance': '电动助力',
 'back_brake': '盘式',
 'back_suspension': '扭力梁式非独立悬架',
 'back_tire': '215/50 R18',
 'back_wiper': '<td width="50%" class="td2">标配</td>',
 'child_seat': '标配',
 'crawled': 1593691498.587566,
 'cruise': '标配',
 'curb_weight': '1280',
 'cylinders': '4缸',
 'displacement': '2.0',
 'drive_method': '前置前驱',
 'driving_brake': '手刹',
 'emission': '国5',
 'engine': '2.0L/148马力/L4',
 'esp': '标配',
 'front_airbag': '标配/标配',
 'front_brake': '通风盘式',
 'front_suspension': '麦弗逊式独立悬架',
 'front_tire': '215/50 R18',
 'fuel': '汽油',
 'fuel_label': '92号',
 'fuel_supply': '直喷',
 'gearbox': '自动',
 'gearbox_d': '6挡手自一体',
 'gps': '选配',
 'head_airbag': '标配/标配',
 'horsepower': '148',
 'href': 'https://www.guazi.com/zz/ef19c2eed8945c06x.htm',
 'image': '标配',
 'induction_trunk': '-',
 'induction_wiper': '<td width="50%" class="td2">-</td>',
 'intake_form': '自然吸气',
 'keyless': '标配',
 'leather': '-',
 'level': '小型SUV',
 'locking': '标配',
 'luggage': '-',
 'manufacturer': '马自达(进口)',
 'mileage': '1.29万公里',
 'mirror_elec': '标配',
 'mirror_heat': '标配',
 'radar': '-',
 'region': 'zz',
 'seat_heat': '-/-',
 'side_airbag': '标配/-',
 'skylight': '-',
 'spider': 'guazi_info_link',
 'steering_wheel': '标配',
 'suction_door': '-',
 'sunroof': '标配',
 'tire_pressure': '-',
 'title': '\r\n'
          '        马自达CX-3 2018款 2.0L 自动尊贵型(进口)\r\n'
          '                                                                    ',
 'torque': '192',
 'transfers': '1次过户\r\n            ',
 'wheelbase': '2570',
 'windows': '标配/标配'}
2020-07-02 20:05:01 [scrapy.core.engine] DEBUG: Crawled (200) <GET https://www.guazi.com/km/727f01d6e8885d5bx.htm> (referer: https://www.guazi.com/dg/mzdcx3)
2020-07-02 20:05:02 [scrapy.core.scraper] DEBUG: Scraped from <200 https://www.guazi.com/km/727f01d6e8885d5bx.htm>
{'LWH': '4275/1765/1548',
 'abs': '标配',
 'air_cond': '-',
 'air_control': '自动',
 'assistance': '电动助力',
 'back_brake': '盘式',
 'back_suspension': '扭力梁式非独立悬架',
 'back_tire': '215/60 R16',
 'back_wiper': '<td width="50%" class="td2">标配</td>',
 'child_seat': '标配',
 'crawled': 1593691502.075767,
 'cruise': '-',
 'curb_weight': '1232',
 'cylinders': '4缸',
 'displacement': '2.0',
 'drive_method': '前置前驱',
 'driving_brake': '手刹',
 'emission': '国5',
 'engine': '2.0L/148马力/L4',
 'esp': '标配',
 'front_airbag': '标配/标配',
 'front_brake': '通风盘式',
 'front_suspension': '麦弗逊式独立悬架',
 'front_tire': '215/60 R16',
 'fuel': '汽油',
 'fuel_label': '92号',
 'fuel_supply': '直喷',
 'gearbox': '自动',
 'gearbox_d': '6挡手自一体',
 'gps': '选配',
 'head_airbag': '标配/标配',
 'horsepower': '148',
 'href': 'https://www.guazi.com/km/727f01d6e8885d5bx.htm',
 'image': '标配',
 'induction_trunk': '-',
 'induction_wiper': '<td width="50%" class="td2">-</td>',
 'intake_form': '自然吸气',
 'keyless': '-',
 'leather': '-',
 'level': '小型SUV',
 'locking': '标配',
 'luggage': '-',
 'manufacturer': '马自达(进口)',
 'mileage': '1.54万公里',
 'mirror_elec': '标配',
 'mirror_heat': '标配',
 'radar': '-',
 'region': 'km',
 'seat_heat': '-/-',
 'side_airbag': '标配/-',
 'skylight': '-',
 'spider': 'guazi_info_link',
 'steering_wheel': '标配',
 'suction_door': '-',
 'sunroof': '-',
 'tire_pressure': '-',
 'title': '\r\n'
          '        马自达CX-3 2018款 2.0L 自动豪华型(进口)\r\n'
          '                                                                    ',
 'torque': '192',
 'transfers': '0次过户\r\n            ',
 'wheelbase': '2570',
 'windows': '标配/标配'}
2020-07-02 20:05:06 [scrapy.core.engine] DEBUG: Crawled (200) <GET https://www.guazi.com/km/1b95ce730c1b3241x.htm> (referer: https://www.guazi.com/dg/mzdcx3)
2020-07-02 20:05:06 [scrapy.core.scraper] DEBUG: Scraped from <200 https://www.guazi.com/km/1b95ce730c1b3241x.htm>
{'LWH': '4275/1765/1552',
 'abs': '标配',
 'air_cond': '-',
 'air_control': '自动',
 'assistance': '电动助力',
 'back_brake': '盘式',
 'back_suspension': '扭力梁式非独立悬架',
 'back_tire': '215/50 R18',
 'back_wiper': '<td width="50%" class="td2">标配</td>',
 'child_seat': '标配',
 'crawled': 1593691506.482292,
 'cruise': '标配',
 'curb_weight': '1280',
 'cylinders': '4缸',
 'displacement': '2.0',
 'drive_method': '前置前驱',
 'driving_brake': '手刹',
 'emission': '国5',
 'engine': '2.0L/148马力/L4',
 'esp': '标配',
 'front_airbag': '标配/标配',
 'front_brake': '通风盘式',
 'front_suspension': '麦弗逊式独立悬架',
 'front_tire': '215/50 R18',
 'fuel': '汽油',
 'fuel_label': '92号',
 'fuel_supply': '直喷',
 'gearbox': '自动',
 'gearbox_d': '6挡手自一体',
 'gps': '选配',
 'head_airbag': '标配/标配',
 'horsepower': '148',
 'href': 'https://www.guazi.com/km/1b95ce730c1b3241x.htm',
 'image': '标配',
 'induction_trunk': '-',
 'induction_wiper': '<td width="50%" class="td2">-</td>',
 'intake_form': '自然吸气',
 'keyless': '标配',
 'leather': '-',
 'level': '小型SUV',
 'locking': '标配',
 'luggage': '-',
 'manufacturer': '马自达(进口)',
 'mileage': '1.57万公里',
 'mirror_elec': '标配',
 'mirror_heat': '标配',
 'radar': '-',
 'region': 'km',
 'seat_heat': '-/-',
 'side_airbag': '标配/-',
 'skylight': '-',
 'spider': 'guazi_info_link',
 'steering_wheel': '标配',
 'suction_door': '-',
 'sunroof': '标配',
 'tire_pressure': '-',
 'title': '\r\n'
          '        马自达CX-3 2018款 2.0L 自动尊贵型(进口)\r\n'
          '                                            ',
 'torque': '192',
 'transfers': '1次过户\r\n            ',
 'wheelbase': '2570',
 'windows': '标配/标配'}
2020-07-02 20:05:09 [scrapy.core.engine] DEBUG: Crawled (200) <GET https://www.guazi.com/hrb/e99888b938810722x.htm> (referer: https://www.guazi.com/dg/mzdcx3)
2020-07-02 20:05:09 [scrapy.core.scraper] DEBUG: Scraped from <200 https://www.guazi.com/hrb/e99888b938810722x.htm>
{'LWH': '4275/1765/1552',
 'abs': '标配',
 'air_cond': '-',
 'air_control': '自动',
 'assistance': '电动助力',
 'back_brake': '盘式',
 'back_suspension': '扭力梁式非独立悬架',
 'back_tire': '215/50 R18',
 'back_wiper': '<td width="50%" class="td2">标配</td>',
 'child_seat': '标配',
 'crawled': 1593691509.851042,
 'cruise': '标配',
 'curb_weight': '1280',
 'cylinders': '4缸',
 'displacement': '2.0',
 'drive_method': '前置前驱',
 'driving_brake': '手刹',
 'emission': '国5',
 'engine': '2.0L/148马力/L4',
 'esp': '标配',
 'front_airbag': '标配/标配',
 'front_brake': '通风盘式',
 'front_suspension': '麦弗逊式独立悬架',
 'front_tire': '215/50 R18',
 'fuel': '汽油',
 'fuel_label': '92号',
 'fuel_supply': '直喷',
 'gearbox': '自动',
 'gearbox_d': '6挡手自一体',
 'gps': '选配',
 'head_airbag': '标配/标配',
 'horsepower': '148',
 'href': 'https://www.guazi.com/hrb/e99888b938810722x.htm',
 'image': '标配',
 'induction_trunk': '-',
 'induction_wiper': '<td width="50%" class="td2">-</td>',
 'intake_form': '自然吸气',
 'keyless': '标配',
 'leather': '-',
 'level': '小型SUV',
 'locking': '标配',
 'luggage': '-',
 'manufacturer': '马自达(进口)',
 'mileage': '2.48万公里',
 'mirror_elec': '标配',
 'mirror_heat': '标配',
 'radar': '-',
 'region': 'hrb',
 'seat_heat': '-/-',
 'side_airbag': '标配/-',
 'skylight': '-',
 'spider': 'guazi_info_link',
 'steering_wheel': '标配',
 'suction_door': '-',
 'sunroof': '标配',
 'tire_pressure': '-',
 'title': '\r\n'
          '        马自达CX-3 2018款 2.0L 自动尊贵型(进口)\r\n'
          '                                    ',
 'torque': '192',
 'transfers': '1次过户\r\n            ',
 'wheelbase': '2570',
 'windows': '标配/标配'}
2020-07-02 20:05:14 [scrapy.core.engine] DEBUG: Crawled (200) <GET https://www.guazi.com/cq/a4338ba56fa9aeb0x.htm> (referer: https://www.guazi.com/dg/mzdcx3)
2020-07-02 20:05:14 [scrapy.core.scraper] DEBUG: Scraped from <200 https://www.guazi.com/cq/a4338ba56fa9aeb0x.htm>
{'LWH': '4275/1765/1548',
 'abs': '标配',
 'air_cond': '-',
 'air_control': '自动',
 'assistance': '电动助力',
 'back_brake': '盘式',
 'back_suspension': '扭力梁式非独立悬架',
 'back_tire': '215/60 R16',
 'back_wiper': '<td width="50%" class="td2">标配</td>',
 'child_seat': '标配',
 'crawled': 1593691514.158705,
 'cruise': '-',
 'curb_weight': '1232',
 'cylinders': '4缸',
 'displacement': '2.0',
 'drive_method': '前置前驱',
 'driving_brake': '手刹',
 'emission': '国5',
 'engine': '2.0L/148马力/L4',
 'esp': '标配',
 'front_airbag': '标配/标配',
 'front_brake': '通风盘式',
 'front_suspension': '麦弗逊式独立悬架',
 'front_tire': '215/60 R16',
 'fuel': '汽油',
 'fuel_label': '92号',
 'fuel_supply': '直喷',
 'gearbox': '自动',
 'gearbox_d': '6挡手自一体',
 'gps': '选配',
 'head_airbag': '标配/标配',
 'horsepower': '148',
 'href': 'https://www.guazi.com/cq/a4338ba56fa9aeb0x.htm',
 'image': '标配',
 'induction_trunk': '-',
 'induction_wiper': '<td width="50%" class="td2">-</td>',
 'intake_form': '自然吸气',
 'keyless': '-',
 'leather': '-',
 'level': '小型SUV',
 'locking': '标配',
 'luggage': '-',
 'manufacturer': '马自达(进口)',
 'mileage': '1.08万公里',
 'mirror_elec': '标配',
 'mirror_heat': '标配',
 'radar': '-',
 'region': 'cq',
 'seat_heat': '-/-',
 'side_airbag': '标配/-',
 'skylight': '-',
 'spider': 'guazi_info_link',
 'steering_wheel': '标配',
 'suction_door': '-',
 'sunroof': '-',
 'tire_pressure': '-',
 'title': '\r\n'
          '        马自达CX-3 2018款 2.0L 自动豪华型(进口)\r\n'
          '                                    ',
 'torque': '192',
 'transfers': '0次过户\r\n            ',
 'wheelbase': '2570',
 'windows': '标配/标配'}
2020-07-02 20:05:14 [scrapy.core.engine] INFO: Closing spider (finished)
2020-07-02 20:05:14 [scrapy.statscollectors] INFO: Dumping Scrapy stats:
{'downloader/request_bytes': 13241,
 'downloader/request_count': 9,
 'downloader/request_method_count/GET': 9,
 'downloader/response_bytes': 440564,
 'downloader/response_count': 9,
 'downloader/response_status_count/200': 9,
 'elapsed_time_seconds': 31.790788,
 'finish_reason': 'finished',
 'finish_time': datetime.datetime(2020, 7, 2, 12, 5, 14, 209752),
 'item_scraped_count': 16,
 'log_count/DEBUG': 25,
 'log_count/INFO': 10,
 'request_depth_max': 1,
 'response_received_count': 9,
 'scheduler/dequeued': 9,
 'scheduler/dequeued/memory': 9,
 'scheduler/enqueued': 9,
 'scheduler/enqueued/memory': 9,
 'start_time': datetime.datetime(2020, 7, 2, 12, 4, 42, 418964)}
2020-07-02 20:05:14 [scrapy.core.engine] INFO: Spider closed (finished)
